<?xml version="1.0" encoding="UTF-8"?>
<!-- Generated by org.testng.reporters.JUnitXMLReporter -->
<testsuite ignored="0" hostname="DESKTOP-S5LVNE2" failures="0" tests="3" name="Default test" time="9.884" errors="0" timestamp="2025-07-15T12:49:35 IST">
  <testcase classname="com.testcases.Login" name="testInvalid" time="0.756"/>
  <testcase classname="com.testcases.Login" name="testSymbol" time="0.741"/>
  <testcase classname="com.testcases.Login" name="testspaces" time="0.65"/>
</testsuite> <!-- Default test -->
