<?xml version="1.0" encoding="UTF-8"?>
<testng-results ignored="0" total="3" passed="3" failed="0" skipped="0">
  <reporter-output>
  </reporter-output>
  <suite started-at="2025-07-15T12:49:25 IST" name="Default suite" finished-at="2025-07-15T12:49:35 IST" duration-ms="9884">
    <groups>
    </groups>
    <test started-at="2025-07-15T12:49:25 IST" name="Default test" finished-at="2025-07-15T12:49:35 IST" duration-ms="9884">
      <class name="com.testcases.Login">
        <test-method is-config="true" signature="setUo()[pri:0, instance:com.testcases.Login@765d7657]" started-at="2025-07-15T12:49:25 IST" name="setUo" finished-at="2025-07-15T12:49:28 IST" duration-ms="2946" status="PASS">
          <reporter-output>
          </reporter-output>
        </test-method> <!-- setUo -->
        <test-method signature="testInvalid()[pri:0, instance:com.testcases.Login@765d7657]" started-at="2025-07-15T12:49:28 IST" name="testInvalid" finished-at="2025-07-15T12:49:28 IST" duration-ms="756" status="PASS">
          <reporter-output>
          </reporter-output>
        </test-method> <!-- testInvalid -->
        <test-method is-config="true" signature="tearDown()[pri:0, instance:com.testcases.Login@765d7657]" started-at="2025-07-15T12:49:28 IST" name="tearDown" finished-at="2025-07-15T12:49:29 IST" duration-ms="288" status="PASS">
          <reporter-output>
          </reporter-output>
        </test-method> <!-- tearDown -->
        <test-method is-config="true" signature="setUo()[pri:0, instance:com.testcases.Login@765d7657]" started-at="2025-07-15T12:49:29 IST" name="setUo" finished-at="2025-07-15T12:49:31 IST" duration-ms="1883" status="PASS">
          <reporter-output>
          </reporter-output>
        </test-method> <!-- setUo -->
        <test-method signature="testSymbol()[pri:0, instance:com.testcases.Login@765d7657]" started-at="2025-07-15T12:49:31 IST" name="testSymbol" finished-at="2025-07-15T12:49:31 IST" duration-ms="741" status="PASS">
          <reporter-output>
          </reporter-output>
        </test-method> <!-- testSymbol -->
        <test-method is-config="true" signature="tearDown()[pri:0, instance:com.testcases.Login@765d7657]" started-at="2025-07-15T12:49:31 IST" name="tearDown" finished-at="2025-07-15T12:49:32 IST" duration-ms="273" status="PASS">
          <reporter-output>
          </reporter-output>
        </test-method> <!-- tearDown -->
        <test-method is-config="true" signature="setUo()[pri:0, instance:com.testcases.Login@765d7657]" started-at="2025-07-15T12:49:32 IST" name="setUo" finished-at="2025-07-15T12:49:34 IST" duration-ms="1991" status="PASS">
          <reporter-output>
          </reporter-output>
        </test-method> <!-- setUo -->
        <test-method signature="testspaces()[pri:0, instance:com.testcases.Login@765d7657]" started-at="2025-07-15T12:49:34 IST" name="testspaces" finished-at="2025-07-15T12:49:34 IST" duration-ms="650" status="PASS">
          <reporter-output>
          </reporter-output>
        </test-method> <!-- testspaces -->
        <test-method is-config="true" signature="tearDown()[pri:0, instance:com.testcases.Login@765d7657]" started-at="2025-07-15T12:49:34 IST" name="tearDown" finished-at="2025-07-15T12:49:35 IST" duration-ms="259" status="PASS">
          <reporter-output>
          </reporter-output>
        </test-method> <!-- tearDown -->
      </class> <!-- com.testcases.Login -->
    </test> <!-- Default test -->
  </suite> <!-- Default suite -->
</testng-results>
